Determining if the pthread_create exist failed with the following output:
Change Dir: /home/vladimir/CLionProjects/quaternions/CMakeFiles/CMakeTmp

Run Build Command:"/usr/bin/make" "cmTC_ba54b/fast"
/usr/bin/make -f CMakeFiles/cmTC_ba54b.dir/build.make CMakeFiles/cmTC_ba54b.dir/build
make[1]: Entering directory '/home/vladimir/CLionProjects/quaternions/CMakeFiles/CMakeTmp'
Building C object CMakeFiles/cmTC_ba54b.dir/CheckSymbolExists.c.o
/usr/bin/cc    -o CMakeFiles/cmTC_ba54b.dir/CheckSymbolExists.c.o   -c /home/vladimir/CLionProjects/quaternions/CMakeFiles/CMakeTmp/CheckSymbolExists.c
Linking C executable cmTC_ba54b
/home/vladimir/Workspace/clion-2017.2.2/bin/cmake/bin/cmake -E cmake_link_script CMakeFiles/cmTC_ba54b.dir/link.txt --verbose=1
/usr/bin/cc      CMakeFiles/cmTC_ba54b.dir/CheckSymbolExists.c.o  -o cmTC_ba54b 
CMakeFiles/cmTC_ba54b.dir/CheckSymbolExists.c.o: In function `main':
CheckSymbolExists.c:(.text+0x16): undefined reference to `pthread_create'
collect2: error: ld returned 1 exit status
CMakeFiles/cmTC_ba54b.dir/build.make:97: recipe for target 'cmTC_ba54b' failed
make[1]: *** [cmTC_ba54b] Error 1
make[1]: Leaving directory '/home/vladimir/CLionProjects/quaternions/CMakeFiles/CMakeTmp'
Makefile:126: recipe for target 'cmTC_ba54b/fast' failed
make: *** [cmTC_ba54b/fast] Error 2

File /home/vladimir/CLionProjects/quaternions/CMakeFiles/CMakeTmp/CheckSymbolExists.c:
/* */
#include <pthread.h>

int main(int argc, char** argv)
{
  (void)argv;
#ifndef pthread_create
  return ((int*)(&pthread_create))[argc];
#else
  (void)argc;
  return 0;
#endif
}

Determining if the function pthread_create exists in the pthreads failed with the following output:
Change Dir: /home/vladimir/CLionProjects/quaternions/CMakeFiles/CMakeTmp

Run Build Command:"/usr/bin/make" "cmTC_d44b1/fast"
/usr/bin/make -f CMakeFiles/cmTC_d44b1.dir/build.make CMakeFiles/cmTC_d44b1.dir/build
make[1]: Entering directory '/home/vladimir/CLionProjects/quaternions/CMakeFiles/CMakeTmp'
Building C object CMakeFiles/cmTC_d44b1.dir/CheckFunctionExists.c.o
/usr/bin/cc   -DCHECK_FUNCTION_EXISTS=pthread_create   -o CMakeFiles/cmTC_d44b1.dir/CheckFunctionExists.c.o   -c /home/vladimir/Workspace/clion-2017.2.2/bin/cmake/share/cmake-3.9/Modules/CheckFunctionExists.c
Linking C executable cmTC_d44b1
/home/vladimir/Workspace/clion-2017.2.2/bin/cmake/bin/cmake -E cmake_link_script CMakeFiles/cmTC_d44b1.dir/link.txt --verbose=1
/usr/bin/cc  -DCHECK_FUNCTION_EXISTS=pthread_create    CMakeFiles/cmTC_d44b1.dir/CheckFunctionExists.c.o  -o cmTC_d44b1 -lpthreads 
/usr/bin/ld: cannot find -lpthreads
collect2: error: ld returned 1 exit status
CMakeFiles/cmTC_d44b1.dir/build.make:97: recipe for target 'cmTC_d44b1' failed
make[1]: *** [cmTC_d44b1] Error 1
make[1]: Leaving directory '/home/vladimir/CLionProjects/quaternions/CMakeFiles/CMakeTmp'
Makefile:126: recipe for target 'cmTC_d44b1/fast' failed
make: *** [cmTC_d44b1/fast] Error 2


Determining if the pthread_create exist failed with the following output:
Change Dir: /home/vladimir/CLionProjects/quaternions/CMakeFiles/CMakeTmp

Run Build Command:"/usr/bin/make" "cmTC_beb98/fast"
/usr/bin/make -f CMakeFiles/cmTC_beb98.dir/build.make CMakeFiles/cmTC_beb98.dir/build
make[1]: Entering directory '/home/vladimir/CLionProjects/quaternions/CMakeFiles/CMakeTmp'
Building C object CMakeFiles/cmTC_beb98.dir/CheckSymbolExists.c.o
/usr/bin/cc     -o CMakeFiles/cmTC_beb98.dir/CheckSymbolExists.c.o   -c /home/vladimir/CLionProjects/quaternions/CMakeFiles/CMakeTmp/CheckSymbolExists.c
Linking C executable cmTC_beb98
/usr/bin/cmake -E cmake_link_script CMakeFiles/cmTC_beb98.dir/link.txt --verbose=1
/usr/bin/cc       CMakeFiles/cmTC_beb98.dir/CheckSymbolExists.c.o  -o cmTC_beb98 
CMakeFiles/cmTC_beb98.dir/CheckSymbolExists.c.o: In function `main':
CheckSymbolExists.c:(.text+0x16): undefined reference to `pthread_create'
collect2: error: ld returned 1 exit status
CMakeFiles/cmTC_beb98.dir/build.make:97: recipe for target 'cmTC_beb98' failed
make[1]: *** [cmTC_beb98] Error 1
make[1]: Leaving directory '/home/vladimir/CLionProjects/quaternions/CMakeFiles/CMakeTmp'
Makefile:126: recipe for target 'cmTC_beb98/fast' failed
make: *** [cmTC_beb98/fast] Error 2

File /home/vladimir/CLionProjects/quaternions/CMakeFiles/CMakeTmp/CheckSymbolExists.c:
/* */
#include <pthread.h>

int main(int argc, char** argv)
{
  (void)argv;
#ifndef pthread_create
  return ((int*)(&pthread_create))[argc];
#else
  (void)argc;
  return 0;
#endif
}

Determining if the function pthread_create exists in the pthreads failed with the following output:
Change Dir: /home/vladimir/CLionProjects/quaternions/CMakeFiles/CMakeTmp

Run Build Command:"/usr/bin/make" "cmTC_e53d2/fast"
/usr/bin/make -f CMakeFiles/cmTC_e53d2.dir/build.make CMakeFiles/cmTC_e53d2.dir/build
make[1]: Entering directory '/home/vladimir/CLionProjects/quaternions/CMakeFiles/CMakeTmp'
Building C object CMakeFiles/cmTC_e53d2.dir/CheckFunctionExists.c.o
/usr/bin/cc    -DCHECK_FUNCTION_EXISTS=pthread_create   -o CMakeFiles/cmTC_e53d2.dir/CheckFunctionExists.c.o   -c /usr/share/cmake-3.5/Modules/CheckFunctionExists.c
Linking C executable cmTC_e53d2
/usr/bin/cmake -E cmake_link_script CMakeFiles/cmTC_e53d2.dir/link.txt --verbose=1
/usr/bin/cc   -DCHECK_FUNCTION_EXISTS=pthread_create    CMakeFiles/cmTC_e53d2.dir/CheckFunctionExists.c.o  -o cmTC_e53d2 -lpthreads 
/usr/bin/ld: cannot find -lpthreads
collect2: error: ld returned 1 exit status
CMakeFiles/cmTC_e53d2.dir/build.make:97: recipe for target 'cmTC_e53d2' failed
make[1]: *** [cmTC_e53d2] Error 1
make[1]: Leaving directory '/home/vladimir/CLionProjects/quaternions/CMakeFiles/CMakeTmp'
Makefile:126: recipe for target 'cmTC_e53d2/fast' failed
make: *** [cmTC_e53d2/fast] Error 2


Determining if the pthread_create exist failed with the following output:
Change Dir: /home/vladimir/CLionProjects/quaternions/CMakeFiles/CMakeTmp

Run Build Command:"/usr/bin/make" "cmTC_db77b/fast"
/usr/bin/make -f CMakeFiles/cmTC_db77b.dir/build.make CMakeFiles/cmTC_db77b.dir/build
make[1]: Entering directory '/home/vladimir/CLionProjects/quaternions/CMakeFiles/CMakeTmp'
Building C object CMakeFiles/cmTC_db77b.dir/CheckSymbolExists.c.o
/usr/bin/cc     -o CMakeFiles/cmTC_db77b.dir/CheckSymbolExists.c.o   -c /home/vladimir/CLionProjects/quaternions/CMakeFiles/CMakeTmp/CheckSymbolExists.c
Linking C executable cmTC_db77b
/usr/bin/cmake -E cmake_link_script CMakeFiles/cmTC_db77b.dir/link.txt --verbose=1
/usr/bin/cc       CMakeFiles/cmTC_db77b.dir/CheckSymbolExists.c.o  -o cmTC_db77b 
CMakeFiles/cmTC_db77b.dir/CheckSymbolExists.c.o: In function `main':
CheckSymbolExists.c:(.text+0x16): undefined reference to `pthread_create'
collect2: error: ld returned 1 exit status
CMakeFiles/cmTC_db77b.dir/build.make:97: recipe for target 'cmTC_db77b' failed
make[1]: *** [cmTC_db77b] Error 1
make[1]: Leaving directory '/home/vladimir/CLionProjects/quaternions/CMakeFiles/CMakeTmp'
Makefile:126: recipe for target 'cmTC_db77b/fast' failed
make: *** [cmTC_db77b/fast] Error 2

File /home/vladimir/CLionProjects/quaternions/CMakeFiles/CMakeTmp/CheckSymbolExists.c:
/* */
#include <pthread.h>

int main(int argc, char** argv)
{
  (void)argv;
#ifndef pthread_create
  return ((int*)(&pthread_create))[argc];
#else
  (void)argc;
  return 0;
#endif
}

Determining if the function pthread_create exists in the pthreads failed with the following output:
Change Dir: /home/vladimir/CLionProjects/quaternions/CMakeFiles/CMakeTmp

Run Build Command:"/usr/bin/make" "cmTC_a344e/fast"
/usr/bin/make -f CMakeFiles/cmTC_a344e.dir/build.make CMakeFiles/cmTC_a344e.dir/build
make[1]: Entering directory '/home/vladimir/CLionProjects/quaternions/CMakeFiles/CMakeTmp'
Building C object CMakeFiles/cmTC_a344e.dir/CheckFunctionExists.c.o
/usr/bin/cc    -DCHECK_FUNCTION_EXISTS=pthread_create   -o CMakeFiles/cmTC_a344e.dir/CheckFunctionExists.c.o   -c /usr/share/cmake-3.5/Modules/CheckFunctionExists.c
Linking C executable cmTC_a344e
/usr/bin/cmake -E cmake_link_script CMakeFiles/cmTC_a344e.dir/link.txt --verbose=1
/usr/bin/cc   -DCHECK_FUNCTION_EXISTS=pthread_create    CMakeFiles/cmTC_a344e.dir/CheckFunctionExists.c.o  -o cmTC_a344e -lpthreads 
/usr/bin/ld: cannot find -lpthreads
collect2: error: ld returned 1 exit status
CMakeFiles/cmTC_a344e.dir/build.make:97: recipe for target 'cmTC_a344e' failed
make[1]: *** [cmTC_a344e] Error 1
make[1]: Leaving directory '/home/vladimir/CLionProjects/quaternions/CMakeFiles/CMakeTmp'
Makefile:126: recipe for target 'cmTC_a344e/fast' failed
make: *** [cmTC_a344e/fast] Error 2


Determining if the pthread_create exist failed with the following output:
Change Dir: /home/vladimir/CLionProjects/quaternions/CMakeFiles/CMakeTmp

Run Build Command:"/usr/bin/make" "cmTC_f3aa2/fast"
/usr/bin/make -f CMakeFiles/cmTC_f3aa2.dir/build.make CMakeFiles/cmTC_f3aa2.dir/build
make[1]: Entering directory '/home/vladimir/CLionProjects/quaternions/CMakeFiles/CMakeTmp'
Building C object CMakeFiles/cmTC_f3aa2.dir/CheckSymbolExists.c.o
/usr/bin/cc     -o CMakeFiles/cmTC_f3aa2.dir/CheckSymbolExists.c.o   -c /home/vladimir/CLionProjects/quaternions/CMakeFiles/CMakeTmp/CheckSymbolExists.c
Linking C executable cmTC_f3aa2
/usr/bin/cmake -E cmake_link_script CMakeFiles/cmTC_f3aa2.dir/link.txt --verbose=1
/usr/bin/cc       CMakeFiles/cmTC_f3aa2.dir/CheckSymbolExists.c.o  -o cmTC_f3aa2 
CMakeFiles/cmTC_f3aa2.dir/CheckSymbolExists.c.o: In function `main':
CheckSymbolExists.c:(.text+0x16): undefined reference to `pthread_create'
collect2: error: ld returned 1 exit status
CMakeFiles/cmTC_f3aa2.dir/build.make:97: recipe for target 'cmTC_f3aa2' failed
make[1]: *** [cmTC_f3aa2] Error 1
make[1]: Leaving directory '/home/vladimir/CLionProjects/quaternions/CMakeFiles/CMakeTmp'
Makefile:126: recipe for target 'cmTC_f3aa2/fast' failed
make: *** [cmTC_f3aa2/fast] Error 2

File /home/vladimir/CLionProjects/quaternions/CMakeFiles/CMakeTmp/CheckSymbolExists.c:
/* */
#include <pthread.h>

int main(int argc, char** argv)
{
  (void)argv;
#ifndef pthread_create
  return ((int*)(&pthread_create))[argc];
#else
  (void)argc;
  return 0;
#endif
}

Determining if the function pthread_create exists in the pthreads failed with the following output:
Change Dir: /home/vladimir/CLionProjects/quaternions/CMakeFiles/CMakeTmp

Run Build Command:"/usr/bin/make" "cmTC_72859/fast"
/usr/bin/make -f CMakeFiles/cmTC_72859.dir/build.make CMakeFiles/cmTC_72859.dir/build
make[1]: Entering directory '/home/vladimir/CLionProjects/quaternions/CMakeFiles/CMakeTmp'
Building C object CMakeFiles/cmTC_72859.dir/CheckFunctionExists.c.o
/usr/bin/cc    -DCHECK_FUNCTION_EXISTS=pthread_create   -o CMakeFiles/cmTC_72859.dir/CheckFunctionExists.c.o   -c /usr/share/cmake-3.5/Modules/CheckFunctionExists.c
Linking C executable cmTC_72859
/usr/bin/cmake -E cmake_link_script CMakeFiles/cmTC_72859.dir/link.txt --verbose=1
/usr/bin/cc   -DCHECK_FUNCTION_EXISTS=pthread_create    CMakeFiles/cmTC_72859.dir/CheckFunctionExists.c.o  -o cmTC_72859 -lpthreads 
/usr/bin/ld: cannot find -lpthreads
collect2: error: ld returned 1 exit status
CMakeFiles/cmTC_72859.dir/build.make:97: recipe for target 'cmTC_72859' failed
make[1]: *** [cmTC_72859] Error 1
make[1]: Leaving directory '/home/vladimir/CLionProjects/quaternions/CMakeFiles/CMakeTmp'
Makefile:126: recipe for target 'cmTC_72859/fast' failed
make: *** [cmTC_72859/fast] Error 2


Determining if the pthread_create exist failed with the following output:
Change Dir: /home/vladimir/CLionProjects/quaternions/CMakeFiles/CMakeTmp

Run Build Command:"/usr/bin/make" "cmTC_409c7/fast"
/usr/bin/make -f CMakeFiles/cmTC_409c7.dir/build.make CMakeFiles/cmTC_409c7.dir/build
make[1]: Entering directory '/home/vladimir/CLionProjects/quaternions/CMakeFiles/CMakeTmp'
Building C object CMakeFiles/cmTC_409c7.dir/CheckSymbolExists.c.o
/usr/bin/cc    -o CMakeFiles/cmTC_409c7.dir/CheckSymbolExists.c.o   -c /home/vladimir/CLionProjects/quaternions/CMakeFiles/CMakeTmp/CheckSymbolExists.c
Linking C executable cmTC_409c7
/home/vladimir/Workspace/clion-2017.2.2/bin/cmake/bin/cmake -E cmake_link_script CMakeFiles/cmTC_409c7.dir/link.txt --verbose=1
/usr/bin/cc      CMakeFiles/cmTC_409c7.dir/CheckSymbolExists.c.o  -o cmTC_409c7 
CMakeFiles/cmTC_409c7.dir/CheckSymbolExists.c.o: In function `main':
CheckSymbolExists.c:(.text+0x16): undefined reference to `pthread_create'
collect2: error: ld returned 1 exit status
CMakeFiles/cmTC_409c7.dir/build.make:97: recipe for target 'cmTC_409c7' failed
make[1]: *** [cmTC_409c7] Error 1
make[1]: Leaving directory '/home/vladimir/CLionProjects/quaternions/CMakeFiles/CMakeTmp'
Makefile:126: recipe for target 'cmTC_409c7/fast' failed
make: *** [cmTC_409c7/fast] Error 2

File /home/vladimir/CLionProjects/quaternions/CMakeFiles/CMakeTmp/CheckSymbolExists.c:
/* */
#include <pthread.h>

int main(int argc, char** argv)
{
  (void)argv;
#ifndef pthread_create
  return ((int*)(&pthread_create))[argc];
#else
  (void)argc;
  return 0;
#endif
}

Determining if the function pthread_create exists in the pthreads failed with the following output:
Change Dir: /home/vladimir/CLionProjects/quaternions/CMakeFiles/CMakeTmp

Run Build Command:"/usr/bin/make" "cmTC_77d10/fast"
/usr/bin/make -f CMakeFiles/cmTC_77d10.dir/build.make CMakeFiles/cmTC_77d10.dir/build
make[1]: Entering directory '/home/vladimir/CLionProjects/quaternions/CMakeFiles/CMakeTmp'
Building C object CMakeFiles/cmTC_77d10.dir/CheckFunctionExists.c.o
/usr/bin/cc   -DCHECK_FUNCTION_EXISTS=pthread_create   -o CMakeFiles/cmTC_77d10.dir/CheckFunctionExists.c.o   -c /home/vladimir/Workspace/clion-2017.2.2/bin/cmake/share/cmake-3.9/Modules/CheckFunctionExists.c
Linking C executable cmTC_77d10
/home/vladimir/Workspace/clion-2017.2.2/bin/cmake/bin/cmake -E cmake_link_script CMakeFiles/cmTC_77d10.dir/link.txt --verbose=1
/usr/bin/cc  -DCHECK_FUNCTION_EXISTS=pthread_create    CMakeFiles/cmTC_77d10.dir/CheckFunctionExists.c.o  -o cmTC_77d10 -lpthreads 
/usr/bin/ld: cannot find -lpthreads
collect2: error: ld returned 1 exit status
CMakeFiles/cmTC_77d10.dir/build.make:97: recipe for target 'cmTC_77d10' failed
make[1]: *** [cmTC_77d10] Error 1
make[1]: Leaving directory '/home/vladimir/CLionProjects/quaternions/CMakeFiles/CMakeTmp'
Makefile:126: recipe for target 'cmTC_77d10/fast' failed
make: *** [cmTC_77d10/fast] Error 2


